[2024-06-05 10:41:53] local.ERROR: Class "Inertia\ServiceProvider" not found {"exception":"[object] (Error(code: 0): Class \"Inertia\\ServiceProvider\" not found at /var/www/eapp/packages/wcast/dashapp/vendor/laravel/framework/src/Illuminate/Foundation/ProviderRepository.php:206)
[stacktrace]
#0 /var/www/eapp/packages/wcast/dashapp/vendor/laravel/framework/src/Illuminate/Foundation/ProviderRepository.php(142): Illuminate\\Foundation\\ProviderRepository->createProvider()
#1 /var/www/eapp/packages/wcast/dashapp/vendor/laravel/framework/src/Illuminate/Foundation/ProviderRepository.php(61): Illuminate\\Foundation\\ProviderRepository->compileManifest()
#2 /var/www/eapp/packages/wcast/dashapp/vendor/laravel/framework/src/Illuminate/Foundation/Application.php(832): Illuminate\\Foundation\\ProviderRepository->load()
#3 /var/www/eapp/packages/wcast/dashapp/vendor/laravel/framework/src/Illuminate/Foundation/Bootstrap/RegisterProviders.php(36): Illuminate\\Foundation\\Application->registerConfiguredProviders()
#4 /var/www/eapp/packages/wcast/dashapp/vendor/laravel/framework/src/Illuminate/Foundation/Application.php(309): Illuminate\\Foundation\\Bootstrap\\RegisterProviders->bootstrap()
#5 /var/www/eapp/packages/wcast/dashapp/vendor/laravel/framework/src/Illuminate/Foundation/Console/Kernel.php(470): Illuminate\\Foundation\\Application->bootstrapWith()
#6 /var/www/eapp/packages/wcast/dashapp/vendor/laravel/framework/src/Illuminate/Foundation/Console/Kernel.php(194): Illuminate\\Foundation\\Console\\Kernel->bootstrap()
#7 /var/www/eapp/packages/wcast/dashapp/artisan(35): Illuminate\\Foundation\\Console\\Kernel->handle()
#8 {main}
"} 
[2024-06-05 10:42:53] local.ERROR: Class "Inertia\ServiceProvider" not found {"exception":"[object] (Error(code: 0): Class \"Inertia\\ServiceProvider\" not found at /var/www/eapp/packages/wcast/dashapp/vendor/laravel/framework/src/Illuminate/Foundation/ProviderRepository.php:206)
[stacktrace]
#0 /var/www/eapp/packages/wcast/dashapp/vendor/laravel/framework/src/Illuminate/Foundation/ProviderRepository.php(142): Illuminate\\Foundation\\ProviderRepository->createProvider()
#1 /var/www/eapp/packages/wcast/dashapp/vendor/laravel/framework/src/Illuminate/Foundation/ProviderRepository.php(61): Illuminate\\Foundation\\ProviderRepository->compileManifest()
#2 /var/www/eapp/packages/wcast/dashapp/vendor/laravel/framework/src/Illuminate/Foundation/Application.php(832): Illuminate\\Foundation\\ProviderRepository->load()
#3 /var/www/eapp/packages/wcast/dashapp/vendor/laravel/framework/src/Illuminate/Foundation/Bootstrap/RegisterProviders.php(36): Illuminate\\Foundation\\Application->registerConfiguredProviders()
#4 /var/www/eapp/packages/wcast/dashapp/vendor/laravel/framework/src/Illuminate/Foundation/Application.php(309): Illuminate\\Foundation\\Bootstrap\\RegisterProviders->bootstrap()
#5 /var/www/eapp/packages/wcast/dashapp/vendor/laravel/framework/src/Illuminate/Foundation/Console/Kernel.php(470): Illuminate\\Foundation\\Application->bootstrapWith()
#6 /var/www/eapp/packages/wcast/dashapp/vendor/laravel/framework/src/Illuminate/Foundation/Console/Kernel.php(194): Illuminate\\Foundation\\Console\\Kernel->bootstrap()
#7 /var/www/eapp/packages/wcast/dashapp/artisan(35): Illuminate\\Foundation\\Console\\Kernel->handle()
#8 {main}
"} 
[2024-06-05 10:54:55] local.ERROR: Class "Inertia\ServiceProvider" not found {"exception":"[object] (Error(code: 0): Class \"Inertia\\ServiceProvider\" not found at /var/www/eapp/packages/wcast/dashapp/vendor/laravel/framework/src/Illuminate/Foundation/ProviderRepository.php:206)
[stacktrace]
#0 /var/www/eapp/packages/wcast/dashapp/vendor/laravel/framework/src/Illuminate/Foundation/ProviderRepository.php(142): Illuminate\\Foundation\\ProviderRepository->createProvider()
#1 /var/www/eapp/packages/wcast/dashapp/vendor/laravel/framework/src/Illuminate/Foundation/ProviderRepository.php(61): Illuminate\\Foundation\\ProviderRepository->compileManifest()
#2 /var/www/eapp/packages/wcast/dashapp/vendor/laravel/framework/src/Illuminate/Foundation/Application.php(843): Illuminate\\Foundation\\ProviderRepository->load()
#3 /var/www/eapp/packages/wcast/dashapp/vendor/laravel/framework/src/Illuminate/Foundation/Bootstrap/RegisterProviders.php(36): Illuminate\\Foundation\\Application->registerConfiguredProviders()
#4 /var/www/eapp/packages/wcast/dashapp/vendor/laravel/framework/src/Illuminate/Foundation/Application.php(316): Illuminate\\Foundation\\Bootstrap\\RegisterProviders->bootstrap()
#5 /var/www/eapp/packages/wcast/dashapp/vendor/laravel/framework/src/Illuminate/Foundation/Console/Kernel.php(470): Illuminate\\Foundation\\Application->bootstrapWith()
#6 /var/www/eapp/packages/wcast/dashapp/vendor/laravel/framework/src/Illuminate/Foundation/Console/Kernel.php(194): Illuminate\\Foundation\\Console\\Kernel->bootstrap()
#7 /var/www/eapp/packages/wcast/dashapp/artisan(35): Illuminate\\Foundation\\Console\\Kernel->handle()
#8 {main}
"} 
[2024-06-05 11:03:10] local.ERROR: Class "Inertia\ServiceProvider" not found {"exception":"[object] (Error(code: 0): Class \"Inertia\\ServiceProvider\" not found at /var/www/eapp/packages/wcast/dashapp/vendor/laravel/framework/src/Illuminate/Foundation/ProviderRepository.php:206)
[stacktrace]
#0 /var/www/eapp/packages/wcast/dashapp/vendor/laravel/framework/src/Illuminate/Foundation/ProviderRepository.php(142): Illuminate\\Foundation\\ProviderRepository->createProvider()
#1 /var/www/eapp/packages/wcast/dashapp/vendor/laravel/framework/src/Illuminate/Foundation/ProviderRepository.php(61): Illuminate\\Foundation\\ProviderRepository->compileManifest()
#2 /var/www/eapp/packages/wcast/dashapp/vendor/laravel/framework/src/Illuminate/Foundation/Application.php(843): Illuminate\\Foundation\\ProviderRepository->load()
#3 /var/www/eapp/packages/wcast/dashapp/vendor/laravel/framework/src/Illuminate/Foundation/Bootstrap/RegisterProviders.php(36): Illuminate\\Foundation\\Application->registerConfiguredProviders()
#4 /var/www/eapp/packages/wcast/dashapp/vendor/laravel/framework/src/Illuminate/Foundation/Application.php(316): Illuminate\\Foundation\\Bootstrap\\RegisterProviders->bootstrap()
#5 /var/www/eapp/packages/wcast/dashapp/vendor/laravel/framework/src/Illuminate/Foundation/Console/Kernel.php(470): Illuminate\\Foundation\\Application->bootstrapWith()
#6 /var/www/eapp/packages/wcast/dashapp/vendor/laravel/framework/src/Illuminate/Foundation/Console/Kernel.php(194): Illuminate\\Foundation\\Console\\Kernel->bootstrap()
#7 /var/www/eapp/packages/wcast/dashapp/artisan(35): Illuminate\\Foundation\\Console\\Kernel->handle()
#8 {main}
"} 
