[2024-04-26 00:07:14] production.ERROR: Class "Inertia\ServiceProvider" not found {"exception":"[object] (Error(code: 0): Class \"Inertia\\ServiceProvider\" not found at /var/www/packages/wcast/dashapp/vendor/laravel/framework/src/Illuminate/Foundation/ProviderRepository.php:206)
[stacktrace]
#0 /var/www/packages/wcast/dashapp/vendor/laravel/framework/src/Illuminate/Foundation/ProviderRepository.php(142): Illuminate\\Foundation\\ProviderRepository->createProvider()
#1 /var/www/packages/wcast/dashapp/vendor/laravel/framework/src/Illuminate/Foundation/ProviderRepository.php(61): Illuminate\\Foundation\\ProviderRepository->compileManifest()
#2 /var/www/packages/wcast/dashapp/vendor/laravel/framework/src/Illuminate/Foundation/Application.php(832): Illuminate\\Foundation\\ProviderRepository->load()
#3 /var/www/packages/wcast/dashapp/vendor/laravel/framework/src/Illuminate/Foundation/Bootstrap/RegisterProviders.php(36): Illuminate\\Foundation\\Application->registerConfiguredProviders()
#4 /var/www/packages/wcast/dashapp/vendor/laravel/framework/src/Illuminate/Foundation/Application.php(309): Illuminate\\Foundation\\Bootstrap\\RegisterProviders->bootstrap()
#5 /var/www/packages/wcast/dashapp/vendor/laravel/framework/src/Illuminate/Foundation/Console/Kernel.php(470): Illuminate\\Foundation\\Application->bootstrapWith()
#6 /var/www/packages/wcast/dashapp/vendor/laravel/framework/src/Illuminate/Foundation/Console/Kernel.php(194): Illuminate\\Foundation\\Console\\Kernel->bootstrap()
#7 /var/www/packages/wcast/dashapp/artisan(35): Illuminate\\Foundation\\Console\\Kernel->handle()
#8 {main}
"} 
[2024-04-26 00:07:20] production.ERROR: Class "Inertia\ServiceProvider" not found {"exception":"[object] (Error(code: 0): Class \"Inertia\\ServiceProvider\" not found at /var/www/packages/wcast/dashapp/vendor/laravel/framework/src/Illuminate/Foundation/ProviderRepository.php:206)
[stacktrace]
#0 /var/www/packages/wcast/dashapp/vendor/laravel/framework/src/Illuminate/Foundation/ProviderRepository.php(142): Illuminate\\Foundation\\ProviderRepository->createProvider()
#1 /var/www/packages/wcast/dashapp/vendor/laravel/framework/src/Illuminate/Foundation/ProviderRepository.php(61): Illuminate\\Foundation\\ProviderRepository->compileManifest()
#2 /var/www/packages/wcast/dashapp/vendor/laravel/framework/src/Illuminate/Foundation/Application.php(832): Illuminate\\Foundation\\ProviderRepository->load()
#3 /var/www/packages/wcast/dashapp/vendor/laravel/framework/src/Illuminate/Foundation/Bootstrap/RegisterProviders.php(36): Illuminate\\Foundation\\Application->registerConfiguredProviders()
#4 /var/www/packages/wcast/dashapp/vendor/laravel/framework/src/Illuminate/Foundation/Application.php(309): Illuminate\\Foundation\\Bootstrap\\RegisterProviders->bootstrap()
#5 /var/www/packages/wcast/dashapp/vendor/laravel/framework/src/Illuminate/Foundation/Console/Kernel.php(470): Illuminate\\Foundation\\Application->bootstrapWith()
#6 /var/www/packages/wcast/dashapp/vendor/laravel/framework/src/Illuminate/Foundation/Console/Kernel.php(194): Illuminate\\Foundation\\Console\\Kernel->bootstrap()
#7 /var/www/packages/wcast/dashapp/artisan(35): Illuminate\\Foundation\\Console\\Kernel->handle()
#8 {main}
"} 
[2024-04-26 09:16:13] production.ERROR: Class "Inertia\ServiceProvider" not found {"exception":"[object] (Error(code: 0): Class \"Inertia\\ServiceProvider\" not found at /var/www/packages/wcast/dashapp/vendor/laravel/framework/src/Illuminate/Foundation/ProviderRepository.php:206)
[stacktrace]
#0 /var/www/packages/wcast/dashapp/vendor/laravel/framework/src/Illuminate/Foundation/ProviderRepository.php(142): Illuminate\\Foundation\\ProviderRepository->createProvider()
#1 /var/www/packages/wcast/dashapp/vendor/laravel/framework/src/Illuminate/Foundation/ProviderRepository.php(61): Illuminate\\Foundation\\ProviderRepository->compileManifest()
#2 /var/www/packages/wcast/dashapp/vendor/laravel/framework/src/Illuminate/Foundation/Application.php(832): Illuminate\\Foundation\\ProviderRepository->load()
#3 /var/www/packages/wcast/dashapp/vendor/laravel/framework/src/Illuminate/Foundation/Bootstrap/RegisterProviders.php(36): Illuminate\\Foundation\\Application->registerConfiguredProviders()
#4 /var/www/packages/wcast/dashapp/vendor/laravel/framework/src/Illuminate/Foundation/Application.php(309): Illuminate\\Foundation\\Bootstrap\\RegisterProviders->bootstrap()
#5 /var/www/packages/wcast/dashapp/vendor/laravel/framework/src/Illuminate/Foundation/Console/Kernel.php(470): Illuminate\\Foundation\\Application->bootstrapWith()
#6 /var/www/packages/wcast/dashapp/vendor/laravel/framework/src/Illuminate/Foundation/Console/Kernel.php(194): Illuminate\\Foundation\\Console\\Kernel->bootstrap()
#7 /var/www/packages/wcast/dashapp/artisan(35): Illuminate\\Foundation\\Console\\Kernel->handle()
#8 {main}
"} 
[2024-04-26 09:18:29] production.ERROR: Class "Inertia\ServiceProvider" not found {"exception":"[object] (Error(code: 0): Class \"Inertia\\ServiceProvider\" not found at /var/www/packages/wcast/dashapp/vendor/laravel/framework/src/Illuminate/Foundation/ProviderRepository.php:206)
[stacktrace]
#0 /var/www/packages/wcast/dashapp/vendor/laravel/framework/src/Illuminate/Foundation/ProviderRepository.php(142): Illuminate\\Foundation\\ProviderRepository->createProvider()
#1 /var/www/packages/wcast/dashapp/vendor/laravel/framework/src/Illuminate/Foundation/ProviderRepository.php(61): Illuminate\\Foundation\\ProviderRepository->compileManifest()
#2 /var/www/packages/wcast/dashapp/vendor/laravel/framework/src/Illuminate/Foundation/Application.php(832): Illuminate\\Foundation\\ProviderRepository->load()
#3 /var/www/packages/wcast/dashapp/vendor/laravel/framework/src/Illuminate/Foundation/Bootstrap/RegisterProviders.php(36): Illuminate\\Foundation\\Application->registerConfiguredProviders()
#4 /var/www/packages/wcast/dashapp/vendor/laravel/framework/src/Illuminate/Foundation/Application.php(309): Illuminate\\Foundation\\Bootstrap\\RegisterProviders->bootstrap()
#5 /var/www/packages/wcast/dashapp/vendor/laravel/framework/src/Illuminate/Foundation/Console/Kernel.php(470): Illuminate\\Foundation\\Application->bootstrapWith()
#6 /var/www/packages/wcast/dashapp/vendor/laravel/framework/src/Illuminate/Foundation/Console/Kernel.php(194): Illuminate\\Foundation\\Console\\Kernel->bootstrap()
#7 /var/www/packages/wcast/dashapp/artisan(35): Illuminate\\Foundation\\Console\\Kernel->handle()
#8 {main}
"} 
[2024-04-26 09:19:21] production.ERROR: Class "Inertia\ServiceProvider" not found {"exception":"[object] (Error(code: 0): Class \"Inertia\\ServiceProvider\" not found at /var/www/packages/wcast/dashapp/vendor/laravel/framework/src/Illuminate/Foundation/ProviderRepository.php:206)
[stacktrace]
#0 /var/www/packages/wcast/dashapp/vendor/laravel/framework/src/Illuminate/Foundation/ProviderRepository.php(142): Illuminate\\Foundation\\ProviderRepository->createProvider()
#1 /var/www/packages/wcast/dashapp/vendor/laravel/framework/src/Illuminate/Foundation/ProviderRepository.php(61): Illuminate\\Foundation\\ProviderRepository->compileManifest()
#2 /var/www/packages/wcast/dashapp/vendor/laravel/framework/src/Illuminate/Foundation/Application.php(832): Illuminate\\Foundation\\ProviderRepository->load()
#3 /var/www/packages/wcast/dashapp/vendor/laravel/framework/src/Illuminate/Foundation/Bootstrap/RegisterProviders.php(36): Illuminate\\Foundation\\Application->registerConfiguredProviders()
#4 /var/www/packages/wcast/dashapp/vendor/laravel/framework/src/Illuminate/Foundation/Application.php(309): Illuminate\\Foundation\\Bootstrap\\RegisterProviders->bootstrap()
#5 /var/www/packages/wcast/dashapp/vendor/laravel/framework/src/Illuminate/Foundation/Console/Kernel.php(470): Illuminate\\Foundation\\Application->bootstrapWith()
#6 /var/www/packages/wcast/dashapp/vendor/laravel/framework/src/Illuminate/Foundation/Console/Kernel.php(194): Illuminate\\Foundation\\Console\\Kernel->bootstrap()
#7 /var/www/packages/wcast/dashapp/artisan(35): Illuminate\\Foundation\\Console\\Kernel->handle()
#8 {main}
"} 
[2024-04-26 09:20:02] production.ERROR: Class "Inertia\ServiceProvider" not found {"exception":"[object] (Error(code: 0): Class \"Inertia\\ServiceProvider\" not found at /var/www/packages/wcast/dashapp/vendor/laravel/framework/src/Illuminate/Foundation/ProviderRepository.php:206)
[stacktrace]
#0 /var/www/packages/wcast/dashapp/vendor/laravel/framework/src/Illuminate/Foundation/ProviderRepository.php(142): Illuminate\\Foundation\\ProviderRepository->createProvider()
#1 /var/www/packages/wcast/dashapp/vendor/laravel/framework/src/Illuminate/Foundation/ProviderRepository.php(61): Illuminate\\Foundation\\ProviderRepository->compileManifest()
#2 /var/www/packages/wcast/dashapp/vendor/laravel/framework/src/Illuminate/Foundation/Application.php(832): Illuminate\\Foundation\\ProviderRepository->load()
#3 /var/www/packages/wcast/dashapp/vendor/laravel/framework/src/Illuminate/Foundation/Bootstrap/RegisterProviders.php(36): Illuminate\\Foundation\\Application->registerConfiguredProviders()
#4 /var/www/packages/wcast/dashapp/vendor/laravel/framework/src/Illuminate/Foundation/Application.php(309): Illuminate\\Foundation\\Bootstrap\\RegisterProviders->bootstrap()
#5 /var/www/packages/wcast/dashapp/vendor/laravel/framework/src/Illuminate/Foundation/Console/Kernel.php(470): Illuminate\\Foundation\\Application->bootstrapWith()
#6 /var/www/packages/wcast/dashapp/vendor/laravel/framework/src/Illuminate/Foundation/Console/Kernel.php(194): Illuminate\\Foundation\\Console\\Kernel->bootstrap()
#7 /var/www/packages/wcast/dashapp/artisan(35): Illuminate\\Foundation\\Console\\Kernel->handle()
#8 {main}
"} 
[2024-04-26 09:20:58] production.ERROR: Class "Inertia\ServiceProvider" not found {"exception":"[object] (Error(code: 0): Class \"Inertia\\ServiceProvider\" not found at /var/www/packages/wcast/dashapp/vendor/laravel/framework/src/Illuminate/Foundation/ProviderRepository.php:206)
[stacktrace]
#0 /var/www/packages/wcast/dashapp/vendor/laravel/framework/src/Illuminate/Foundation/ProviderRepository.php(142): Illuminate\\Foundation\\ProviderRepository->createProvider()
#1 /var/www/packages/wcast/dashapp/vendor/laravel/framework/src/Illuminate/Foundation/ProviderRepository.php(61): Illuminate\\Foundation\\ProviderRepository->compileManifest()
#2 /var/www/packages/wcast/dashapp/vendor/laravel/framework/src/Illuminate/Foundation/Application.php(832): Illuminate\\Foundation\\ProviderRepository->load()
#3 /var/www/packages/wcast/dashapp/vendor/laravel/framework/src/Illuminate/Foundation/Bootstrap/RegisterProviders.php(36): Illuminate\\Foundation\\Application->registerConfiguredProviders()
#4 /var/www/packages/wcast/dashapp/vendor/laravel/framework/src/Illuminate/Foundation/Application.php(309): Illuminate\\Foundation\\Bootstrap\\RegisterProviders->bootstrap()
#5 /var/www/packages/wcast/dashapp/vendor/laravel/framework/src/Illuminate/Foundation/Console/Kernel.php(470): Illuminate\\Foundation\\Application->bootstrapWith()
#6 /var/www/packages/wcast/dashapp/vendor/laravel/framework/src/Illuminate/Foundation/Console/Kernel.php(194): Illuminate\\Foundation\\Console\\Kernel->bootstrap()
#7 /var/www/packages/wcast/dashapp/artisan(35): Illuminate\\Foundation\\Console\\Kernel->handle()
#8 {main}
"} 
